<?xml version="1.0" encoding="UTF-8" ?>
<testsuite failures="1" time="0.097" errors="0" skipped="0" tests="1" name="tr.edu.hacettepe.cs.submitdsl.SubmitDslTest">
  <properties>
    <property name="java.runtime.name" value="Java(TM) SE Runtime Environment"/>
    <property name="sun.boot.library.path" value="C:\Program Files\Java\jdk1.6.0_18\jre\bin"/>
    <property name="java.vm.version" value="16.0-b13"/>
    <property name="java.vm.vendor" value="Sun Microsystems Inc."/>
    <property name="java.vendor.url" value="http://java.sun.com/"/>
    <property name="path.separator" value=";"/>
    <property name="java.vm.name" value="Java HotSpot(TM) Client VM"/>
    <property name="file.encoding.pkg" value="sun.io"/>
    <property name="user.country" value="TR"/>
    <property name="sun.java.launcher" value="SUN_STANDARD"/>
    <property name="sun.os.patch.level" value=""/>
    <property name="java.vm.specification.name" value="Java Virtual Machine Specification"/>
    <property name="user.dir" value="C:\Users\ibo\Desktop\skeleton"/>
    <property name="java.runtime.version" value="1.6.0_18-b07"/>
    <property name="java.awt.graphicsenv" value="sun.awt.Win32GraphicsEnvironment"/>
    <property name="basedir" value="C:\Users\ibo\Desktop\skeleton"/>
    <property name="java.endorsed.dirs" value="C:\Program Files\Java\jdk1.6.0_18\jre\lib\endorsed"/>
    <property name="os.arch" value="x86"/>
    <property name="surefire.real.class.path" value="C:\Users\ibo\AppData\Local\Temp\surefirebooter201817919873414324.jar"/>
    <property name="java.io.tmpdir" value="C:\Users\ibo\AppData\Local\Temp\"/>
    <property name="line.separator" value="
"/>
    <property name="java.vm.specification.vendor" value="Sun Microsystems Inc."/>
    <property name="user.variant" value=""/>
    <property name="os.name" value="Windows Vista"/>
    <property name="sun.jnu.encoding" value="Cp1254"/>
    <property name="java.library.path" value="C:\Program Files\Java\jdk1.6.0_18\jre\bin;.;C:\Windows\Sun\Java\bin;C:\Windows\system32;C:\Windows;C:\GNAT\bin;C:\Program Files\MiKTeX 2.8\miktex\bin;C:\Windows\system32;C:\Windows;C:\Windows\System32\Wbem;%M2%;C:\Program Files\Java\jdk1.6.0_18\bin;C:\Program Files\apache software foundation\apache-maven-2.2.1\bin;C:\Program Files\Java\jdk1.6.0_18\bin"/>
    <property name="surefire.test.class.path" value="C:\Users\ibo\Desktop\skeleton\target\test-classes;C:\Users\ibo\Desktop\skeleton\target\classes;C:\Users\ibo\.m2\repository\org\antlr\antlr-runtime\3.2\antlr-runtime-3.2.jar;C:\Users\ibo\.m2\repository\org\antlr\stringtemplate\3.2\stringtemplate-3.2.jar;C:\Users\ibo\.m2\repository\antlr\antlr\2.7.7\antlr-2.7.7.jar;C:\Users\ibo\.m2\repository\junit\junit\4.5\junit-4.5.jar;"/>
    <property name="java.specification.name" value="Java Platform API Specification"/>
    <property name="java.class.version" value="50.0"/>
    <property name="sun.management.compiler" value="HotSpot Client Compiler"/>
    <property name="os.version" value="6.0"/>
    <property name="user.home" value="C:\Users\ibo"/>
    <property name="user.timezone" value="Europe/Athens"/>
    <property name="java.awt.printerjob" value="sun.awt.windows.WPrinterJob"/>
    <property name="java.specification.version" value="1.6"/>
    <property name="file.encoding" value="Cp1254"/>
    <property name="user.name" value="ibo"/>
    <property name="java.class.path" value="C:\Users\ibo\Desktop\skeleton\target\test-classes;C:\Users\ibo\Desktop\skeleton\target\classes;C:\Users\ibo\.m2\repository\org\antlr\antlr-runtime\3.2\antlr-runtime-3.2.jar;C:\Users\ibo\.m2\repository\org\antlr\stringtemplate\3.2\stringtemplate-3.2.jar;C:\Users\ibo\.m2\repository\antlr\antlr\2.7.7\antlr-2.7.7.jar;C:\Users\ibo\.m2\repository\junit\junit\4.5\junit-4.5.jar;"/>
    <property name="java.vm.specification.version" value="1.0"/>
    <property name="sun.arch.data.model" value="32"/>
    <property name="java.home" value="C:\Program Files\Java\jdk1.6.0_18\jre"/>
    <property name="java.specification.vendor" value="Sun Microsystems Inc."/>
    <property name="user.language" value="tr"/>
    <property name="awt.toolkit" value="sun.awt.windows.WToolkit"/>
    <property name="java.vm.info" value="mixed mode, sharing"/>
    <property name="java.version" value="1.6.0_18"/>
    <property name="java.ext.dirs" value="C:\Program Files\Java\jdk1.6.0_18\jre\lib\ext;C:\Windows\Sun\Java\lib\ext"/>
    <property name="sun.boot.class.path" value="C:\Program Files\Java\jdk1.6.0_18\jre\lib\resources.jar;C:\Program Files\Java\jdk1.6.0_18\jre\lib\rt.jar;C:\Program Files\Java\jdk1.6.0_18\jre\lib\sunrsasign.jar;C:\Program Files\Java\jdk1.6.0_18\jre\lib\jsse.jar;C:\Program Files\Java\jdk1.6.0_18\jre\lib\jce.jar;C:\Program Files\Java\jdk1.6.0_18\jre\lib\charsets.jar;C:\Program Files\Java\jdk1.6.0_18\jre\classes"/>
    <property name="java.vendor" value="Sun Microsystems Inc."/>
    <property name="localRepository" value="C:\Users\ibo\.m2\repository"/>
    <property name="file.separator" value="\"/>
    <property name="java.vendor.url.bug" value="http://java.sun.com/cgi-bin/bugreport.cgi"/>
    <property name="sun.cpu.endian" value="little"/>
    <property name="sun.io.unicode.encoding" value="UnicodeLittle"/>
    <property name="sun.desktop" value="windows"/>
    <property name="sun.cpu.isalist" value="pentium_pro+mmx pentium_pro pentium+mmx pentium i486 i386 i86"/>
  </properties>
  <testcase time="0.076" classname="tr.edu.hacettepe.cs.submitdsl.SubmitDslTest" name="testInvalidSubmission">
    <failure message="" type="java.lang.AssertionError">java.lang.AssertionError: 
	at org.junit.Assert.fail(Assert.java:91)
	at org.junit.Assert.assertTrue(Assert.java:43)
	at org.junit.Assert.assertFalse(Assert.java:68)
	at org.junit.Assert.assertFalse(Assert.java:79)
	at tr.edu.hacettepe.cs.submitdsl.SubmitDslTest.testInvalidSubmission(SubmitDslTest.java:34)
	at sun.reflect.NativeMethodAccessorImpl.invoke0(Native Method)
	at sun.reflect.NativeMethodAccessorImpl.invoke(NativeMethodAccessorImpl.java:39)
	at sun.reflect.DelegatingMethodAccessorImpl.invoke(DelegatingMethodAccessorImpl.java:25)
	at java.lang.reflect.Method.invoke(Method.java:597)
	at org.junit.runners.model.FrameworkMethod$1.runReflectiveCall(FrameworkMethod.java:44)
	at org.junit.internal.runners.model.ReflectiveCallable.run(ReflectiveCallable.java:15)
	at org.junit.runners.model.FrameworkMethod.invokeExplosively(FrameworkMethod.java:41)
	at org.junit.internal.runners.statements.InvokeMethod.evaluate(InvokeMethod.java:20)
	at org.junit.internal.runners.statements.RunBefores.evaluate(RunBefores.java:28)
	at org.junit.internal.runners.statements.RunAfters.evaluate(RunAfters.java:31)
	at org.junit.runners.BlockJUnit4ClassRunner.runChild(BlockJUnit4ClassRunner.java:73)
	at org.junit.runners.BlockJUnit4ClassRunner.runChild(BlockJUnit4ClassRunner.java:46)
	at org.junit.runners.ParentRunner.runChildren(ParentRunner.java:180)
	at org.junit.runners.ParentRunner.access$000(ParentRunner.java:41)
	at org.junit.runners.ParentRunner$1.evaluate(ParentRunner.java:173)
	at org.junit.internal.runners.statements.RunBefores.evaluate(RunBefores.java:28)
	at org.junit.internal.runners.statements.RunAfters.evaluate(RunAfters.java:31)
	at org.junit.runners.ParentRunner.run(ParentRunner.java:220)
	at org.apache.maven.surefire.junit4.JUnit4TestSet.execute(JUnit4TestSet.java:62)
	at org.apache.maven.surefire.suite.AbstractDirectoryTestSuite.executeTestSet(AbstractDirectoryTestSuite.java:140)
	at org.apache.maven.surefire.suite.AbstractDirectoryTestSuite.execute(AbstractDirectoryTestSuite.java:127)
	at org.apache.maven.surefire.Surefire.run(Surefire.java:177)
	at sun.reflect.NativeMethodAccessorImpl.invoke0(Native Method)
	at sun.reflect.NativeMethodAccessorImpl.invoke(NativeMethodAccessorImpl.java:39)
	at sun.reflect.DelegatingMethodAccessorImpl.invoke(DelegatingMethodAccessorImpl.java:25)
	at java.lang.reflect.Method.invoke(Method.java:597)
	at org.apache.maven.surefire.booter.SurefireBooter.runSuitesInProcess(SurefireBooter.java:345)
	at org.apache.maven.surefire.booter.SurefireBooter.main(SurefireBooter.java:1009)
</failure>
    <system-out>null bu
directorlar:src/main/java/tr/edu/hacettepe/cs/submitdsl/
directorlar:src/main/antlr3/tr/edu/hacettepe/cs/submitdsl/
directorlar:report/

Extracting: report/
src/main/java/tr/edu/hacettepe/cs/submitdsl/
src/main/antlr3/tr/edu/hacettepe/cs/submitdsl/
report/

Extracting: report/report.pdf
I found it

Extracting: src/
src/main/java/tr/edu/hacettepe/cs/submitdsl/

Extracting: src/main/
src/main/java/tr/edu/hacettepe/cs/submitdsl/

Extracting: src/main/antlr3/
src/main/java/tr/edu/hacettepe/cs/submitdsl/
src/main/antlr3/tr/edu/hacettepe/cs/submitdsl/

Extracting: src/main/antlr3/tr/
src/main/java/tr/edu/hacettepe/cs/submitdsl/
src/main/antlr3/tr/edu/hacettepe/cs/submitdsl/

Extracting: src/main/antlr3/tr/edu/
src/main/java/tr/edu/hacettepe/cs/submitdsl/
src/main/antlr3/tr/edu/hacettepe/cs/submitdsl/

Extracting: src/main/antlr3/tr/edu/hacettepe/
src/main/java/tr/edu/hacettepe/cs/submitdsl/
src/main/antlr3/tr/edu/hacettepe/cs/submitdsl/

Extracting: src/main/antlr3/tr/edu/hacettepe/cs/
src/main/java/tr/edu/hacettepe/cs/submitdsl/
src/main/antlr3/tr/edu/hacettepe/cs/submitdsl/

Extracting: src/main/antlr3/tr/edu/hacettepe/cs/submitdsl/
src/main/java/tr/edu/hacettepe/cs/submitdsl/
src/main/antlr3/tr/edu/hacettepe/cs/submitdsl/

Extracting: src/main/antlr3/tr/edu/hacettepe/cs/submitdsl/SubmitDsl.g
I found it

Extracting: src/main/antlr3/tr/edu/hacettepe/cs/submitdsl/SubmitDsl.tokens
I found it

Extracting: src/main/java/
src/main/java/tr/edu/hacettepe/cs/submitdsl/

Extracting: src/main/java/tr/
src/main/java/tr/edu/hacettepe/cs/submitdsl/

Extracting: src/main/java/tr/edu/
src/main/java/tr/edu/hacettepe/cs/submitdsl/

Extracting: src/main/java/tr/edu/hacettepe/
src/main/java/tr/edu/hacettepe/cs/submitdsl/

Extracting: src/main/java/tr/edu/hacettepe/cs/
src/main/java/tr/edu/hacettepe/cs/submitdsl/

Extracting: src/main/java/tr/edu/hacettepe/cs/submitdsl/
src/main/java/tr/edu/hacettepe/cs/submitdsl/

Extracting: src/main/java/tr/edu/hacettepe/cs/submitdsl/MySubmitDslEngine.java
I found it

Extracting: src/main/java/tr/edu/hacettepe/cs/submitdsl/MySubmitFormat.java
I found it

Extracting: src/main/java/tr/edu/hacettepe/cs/submitdsl/MySubmitModel.java
I found it

Extracting: src/main/java/tr/edu/hacettepe/cs/submitdsl/SubmitDslEngine.java
I found it

Extracting: src/main/java/tr/edu/hacettepe/cs/submitdsl/SubmitModel.java
I found it

Extracting: src/main/antlr3/tr/edu/hacettepe/cs/submitdsl/assignment.png
I did not find it

Extracting: src/main/antlr3/tr/edu/hacettepe/cs/submitdsl/Ekran Goruntusu.png
I did not find it

Extracting: src/main/java/tr/edu/hacettepe/cs/submitdsl/gergedan.txt
I did not find it
sebepır road:src/main/antlr3/tr/edu/hacettepe/cs/submitdsl
sebep:.png
sonuc:src/main/java/tr/edu/hacettepe/cs/submitdsl/SubmitDslEngine.java
sonuc:src/main/java/tr/edu/hacettepe/cs/submitdsl/MySubmitDslEngine.java
sonuc:src/main/java/tr/edu/hacettepe/cs/submitdsl/SubmitModel.java
sonuc:src/main/java/tr/edu/hacettepe/cs/submitdsl/MySubmitModel.java
sonuc:src/main/java/tr/edu/hacettepe/cs/submitdsl/MySubmitFormat.java
sonuc:src/main/antlr3/tr/edu/hacettepe/cs/submitdsl/SubmitDsl.g
sonuc:src/main/antlr3/tr/edu/hacettepe/cs/submitdsl/SubmitDsl.tokens
sonuc:report/report.pdf
file patternlar:mandatory
src/main/antlr3/tr/edu/hacettepe/cs/submitdsl vs src/main/antlr3/tr/edu/hacettepe/cs/submitdsl
vay
file patternlar:mandatory
vay
o bulundu
sebepır road:src/main/antlr3/tr/edu/hacettepe/cs/submitdsl
sebep:.png
sonuc:src/main/java/tr/edu/hacettepe/cs/submitdsl/SubmitDslEngine.java
sonuc:src/main/java/tr/edu/hacettepe/cs/submitdsl/MySubmitDslEngine.java
sonuc:src/main/java/tr/edu/hacettepe/cs/submitdsl/SubmitModel.java
sonuc:src/main/java/tr/edu/hacettepe/cs/submitdsl/MySubmitModel.java
sonuc:src/main/java/tr/edu/hacettepe/cs/submitdsl/MySubmitFormat.java
sonuc:src/main/antlr3/tr/edu/hacettepe/cs/submitdsl/SubmitDsl.g
sonuc:src/main/antlr3/tr/edu/hacettepe/cs/submitdsl/SubmitDsl.tokens
sonuc:report/report.pdf
file patternlar:mandatory
src/main/antlr3/tr/edu/hacettepe/cs/submitdsl vs src/main/antlr3/tr/edu/hacettepe/cs/submitdsl
vay
file patternlar:mandatory
vay
o bulundu
sebepır road:src/main/java/tr/edu/hacettepe/cs/submitdsl
sebep:.txt
sonuc:src/main/java/tr/edu/hacettepe/cs/submitdsl/SubmitDslEngine.java
sonuc:src/main/java/tr/edu/hacettepe/cs/submitdsl/MySubmitDslEngine.java
sonuc:src/main/java/tr/edu/hacettepe/cs/submitdsl/SubmitModel.java
sonuc:src/main/java/tr/edu/hacettepe/cs/submitdsl/MySubmitModel.java
sonuc:src/main/java/tr/edu/hacettepe/cs/submitdsl/MySubmitFormat.java
sonuc:src/main/antlr3/tr/edu/hacettepe/cs/submitdsl/SubmitDsl.g
sonuc:src/main/antlr3/tr/edu/hacettepe/cs/submitdsl/SubmitDsl.tokens
sonuc:report/report.pdf
file patternlar:mandatory
src/main/java/tr/edu/hacettepe/cs/submitdsl vs src/main/java/tr/edu/hacettepe/cs/submitdsl
vay
oda bulundu
return true...
</system-out>
  </testcase>
</testsuite>